{"/home/jose/repos/Javascript-Capstone/src/modules/allItemsCounter.js": {"path":"/home/jose/repos/Javascript-Capstone/src/modules/allItemsCounter.js","statementMap":{"0":{"start":{"line":1,"column":19},"end":{"line":8,"column":1}},"1":{"start":{"line":2,"column":15},"end":{"line":2,"column":16}},"2":{"start":{"line":3,"column":2},"end":{"line":5,"column":3}},"3":{"start":{"line":4,"column":4},"end":{"line":4,"column":16}},"4":{"start":{"line":6,"column":2},"end":{"line":6,"column":39}},"5":{"start":{"line":7,"column":2},"end":{"line":7,"column":16}}},"fnMap":{"0":{"name":"(anonymous_0)","decl":{"start":{"line":1,"column":19},"end":{"line":1,"column":20}},"loc":{"start":{"line":1,"column":40},"end":{"line":8,"column":1}},"line":1}},"branchMap":{},"s":{"0":1,"1":1,"2":1,"3":3,"4":1,"5":1},"f":{"0":1},"b":{},"_coverageSchema":"1a1c01bbd47fc00a2c39e90264f33305004495a9","hash":"c2ea62414d90190f0c6f7496be544b05ecec7306"}
,"/home/jose/repos/Javascript-Capstone/src/modules/commentData.js": {"path":"/home/jose/repos/Javascript-Capstone/src/modules/commentData.js","statementMap":{"0":{"start":{"line":1,"column":20},"end":{"line":11,"column":1}},"1":{"start":{"line":2,"column":18},"end":{"line":2,"column":112}},"2":{"start":{"line":3,"column":18},"end":{"line":8,"column":3}},"3":{"start":{"line":9,"column":19},"end":{"line":9,"column":39}},"4":{"start":{"line":10,"column":2},"end":{"line":10,"column":25}}},"fnMap":{"0":{"name":"(anonymous_0)","decl":{"start":{"line":1,"column":20},"end":{"line":1,"column":21}},"loc":{"start":{"line":1,"column":32},"end":{"line":11,"column":1}},"line":1}},"branchMap":{},"s":{"0":1,"1":1,"2":1,"3":0,"4":0},"f":{"0":1},"b":{},"_coverageSchema":"1a1c01bbd47fc00a2c39e90264f33305004495a9","hash":"8013518835c3914d5a336dd5221f76559efa4264"}
}
